<?xml version="1.0" encoding="UTF-8"?>
<testsuite xmlns:xsi="http://www.w3.org/2001/XMLSchema-instance" xsi:noNamespaceSchemaLocation="https://maven.apache.org/surefire/maven-surefire-plugin/xsd/surefire-test-report.xsd" name="com.TestRunner.LoginRunner" time="64.785" tests="12" errors="0" skipped="0" failures="0">
  <properties>
[...]
</properties>
  <testcase name="Given User open Application" classname="| pratik | zambre | 0132456789 | abc | Nagpur | 440022 |" time="0.002"/>
  <testcase name="When User Login Application" classname="| pratik | zambre | 0132456789 | abc | Nagpur | 440022 |" time="0"/>
  <testcase name="And Click On  Shop" classname="| pratik | zambre | 0132456789 | abc | Nagpur | 440022 |" time="0"/>
  <testcase name="Then User Should be on shopping page" classname="| pratik | zambre | 0132456789 | abc | Nagpur | 440022 |" time="0"/>
  <testcase name="When User Select Book and click on Add to Basket" classname="| pratik | zambre | 0132456789 | abc | Nagpur | 440022 |" time="0"/>
  <testcase name="And click On View Basket" classname="| pratik | zambre | 0132456789 | abc | Nagpur | 440022 |" time="0"/>
  <testcase name="Then User Shoulb be Cart Page" classname="| pratik | zambre | 0132456789 | abc | Nagpur | 440022 |" time="0"/>
  <testcase name="And User click On Proceed" classname="| pratik | zambre | 0132456789 | abc | Nagpur | 440022 |" time="0"/>
  <testcase name="Then User Should be On Payment Page" classname="| pratik | zambre | 0132456789 | abc | Nagpur | 440022 |" time="0"/>
  <testcase name="And User Enter Details &quot;pratik&quot; and &quot;zambre&quot; and &quot;0132456789&quot; and&quot;abc&quot; and &quot;Nagpur&quot; and&quot;440022&quot;" classname="| pratik | zambre | 0132456789 | abc | Nagpur | 440022 |" time="0.011"/>
  <testcase name="Then User select Payment and click on Pay" classname="| pratik | zambre | 0132456789 | abc | Nagpur | 440022 |" time="0"/>
  <testcase name="| pratik | zambre | 0132456789 | abc | Nagpur | 440022 |" classname="| pratik | zambre | 0132456789 | abc | Nagpur | 440022 |" time="0"/>
</testsuite>