<?xml version="1.0" encoding="UTF-8"?>
<testng-results ignored="0" total="1" passed="1" failed="0" skipped="0">
  <reporter-output>
  </reporter-output>
  <suite started-at="2021-03-25T05:42:32Z" name="Default suite" finished-at="2021-03-25T05:42:32Z" duration-ms="200">
    <groups>
    </groups>
    <test started-at="2021-03-25T05:42:32Z" name="Default test" finished-at="2021-03-25T05:42:32Z" duration-ms="200">
      <class name="hooks.hooks">
        <test-method signature="exceldata()[pri:0, instance:hooks.hooks@21fd5faa]" started-at="2021-03-25T05:42:32Z" name="exceldata" finished-at="2021-03-25T05:42:32Z" duration-ms="169" status="PASS">
          <reporter-output>
          </reporter-output>
        </test-method> <!-- exceldata -->
      </class> <!-- hooks.hooks -->
    </test> <!-- Default test -->
  </suite> <!-- Default suite -->
</testng-results>
